c:\programdata\nvidia corporation\cuda samples\v10.2\5_simulations\nbody\x64\debug\vc141.pdb
c:\programdata\nvidia corporation\cuda samples\v10.2\5_simulations\nbody\x64\debug\vc141.idb
c:\programdata\nvidia corporation\cuda samples\v10.2\5_simulations\nbody\x64\debug\render_particles.obj
c:\programdata\nvidia corporation\cuda samples\v10.2\5_simulations\nbody\x64\debug\nbody.obj
x64/debug/bodysystemcuda.cu.obj
c:\programdata\nvidia corporation\cuda samples\v10.2\bin\win64\debug\nbody.pdb
c:\programdata\nvidia corporation\cuda samples\v10.2\bin\win64\debug\nbody.lib
c:\programdata\nvidia corporation\cuda samples\v10.2\bin\win64\debug\nbody.exp
c:\programdata\nvidia corporation\cuda samples\v10.2\5_simulations\nbody\x64\debug\bodysystemcuda.cu.cache
c:\programdata\nvidia corporation\cuda samples\v10.2\5_simulations\nbody\x64\debug\bodysystemcuda.cu.obj
c:\programdata\nvidia corporation\cuda samples\v10.2\5_simulations\nbody\../../bin/win64/debug/nbody.exe
c:\programdata\nvidia corporation\cuda samples\v10.2\5_simulations\nbody\x64\debug\nbody.tlog\cl.command.1.tlog
c:\programdata\nvidia corporation\cuda samples\v10.2\5_simulations\nbody\x64\debug\nbody.tlog\cl.read.1.tlog
c:\programdata\nvidia corporation\cuda samples\v10.2\5_simulations\nbody\x64\debug\nbody.tlog\cl.write.1.tlog
c:\programdata\nvidia corporation\cuda samples\v10.2\5_simulations\nbody\x64\debug\nbody.tlog\cudacompile.read.1u.tlog
c:\programdata\nvidia corporation\cuda samples\v10.2\5_simulations\nbody\x64\debug\nbody.tlog\cudacompile.write.1u.tlog
c:\programdata\nvidia corporation\cuda samples\v10.2\5_simulations\nbody\x64\debug\nbody.tlog\link.command.1.tlog
c:\programdata\nvidia corporation\cuda samples\v10.2\5_simulations\nbody\x64\debug\nbody.tlog\link.read.1.tlog
c:\programdata\nvidia corporation\cuda samples\v10.2\5_simulations\nbody\x64\debug\nbody.tlog\link.write.1.tlog
c:\programdata\nvidia corporation\cuda samples\v10.2\5_simulations\nbody\x64\debug\nbody.tlog\nbody.write.1u.tlog
